<?xml version="1.0" encoding="UTF-8"?>
<!-- Generated by org.testng.reporters.JUnitXMLReporter -->
<testsuite ignored="0" hostname="ISTN24220" failures="1" tests="4" name="RolesTest" time="111.432" errors="0" timestamp="30 Nov 2019 16:41:19 GMT">
  <testcase classname="tests.Roles" name="EmptyAddRole" time="57.7"/>
  <testcase classname="tests.Roles" name="InvalidAddRole" time="27.036"/>
  <testcase classname="tests.Roles" name="AddRole" time="19.646">
    <skipped/>
  </testcase> <!-- AddRole -->
  <testcase classname="tests.Roles" name="AddRole" time="0.001">
    <failure type="java.lang.IllegalArgumentException" message="wrong number of arguments">
      <![CDATA[java.lang.IllegalArgumentException: wrong number of arguments
... Removed 25 stack frames]]>
    </failure>
  </testcase> <!-- AddRole -->
</testsuite> <!-- RolesTest -->
